<?xml version="1.0" encoding="UTF-8"?>
<testsuite name="com.shutl.controller.QuoteControllerFunctionalTest" tests="1" skipped="0" failures="0" errors="0" timestamp="2021-01-28T15:07:56" hostname="maha" time="1.049">
  <properties/>
  <testcase name="testBasicService" classname="com.shutl.controller.QuoteControllerFunctionalTest" time="1.049"/>
  <system-out><![CDATA[15:07:23.500 [Test worker] DEBUG o.s.t.c.j.SpringJUnit4ClassRunner - SpringJUnit4ClassRunner constructor called with [class com.shutl.controller.QuoteControllerFunctionalTest]
15:07:23.542 [Test worker] DEBUG o.s.test.context.BootstrapUtils - Instantiating CacheAwareContextLoaderDelegate from class [org.springframework.test.context.cache.DefaultCacheAwareContextLoaderDelegate]
15:07:23.796 [Test worker] DEBUG o.s.test.context.BootstrapUtils - Instantiating BootstrapContext using constructor [public org.springframework.test.context.support.DefaultBootstrapContext(java.lang.Class,org.springframework.test.context.CacheAwareContextLoaderDelegate)]
15:07:23.825 [Test worker] DEBUG o.s.test.context.BootstrapUtils - Instantiating TestContextBootstrapper for test class [com.shutl.controller.QuoteControllerFunctionalTest] from class [org.springframework.test.context.web.WebTestContextBootstrapper]
15:07:24.050 [Test worker] DEBUG o.s.t.c.w.WebTestContextBootstrapper - Found explicit ContextLoader class [org.springframework.boot.test.SpringApplicationContextLoader] for context configuration attributes [ContextConfigurationAttributes@334b946e declaringClass = 'com.shutl.controller.QuoteControllerFunctionalTest', classes = '{class com.shutl.Application}', locations = '{}', inheritLocations = true, initializers = '{}', inheritInitializers = true, name = [null], contextLoaderClass = 'org.springframework.boot.test.SpringApplicationContextLoader']
15:07:24.234 [Test worker] DEBUG o.s.t.c.s.AbstractContextLoader - Did not detect default resource location for test class [com.shutl.controller.QuoteControllerFunctionalTest]: class path resource [com/shutl/controller/QuoteControllerFunctionalTest-context.xml] does not exist
15:07:24.235 [Test worker] DEBUG o.s.t.c.s.AbstractContextLoader - Did not detect default resource location for test class [com.shutl.controller.QuoteControllerFunctionalTest]: class path resource [com/shutl/controller/QuoteControllerFunctionalTestContext.groovy] does not exist
15:07:24.236 [Test worker] INFO  o.s.t.c.s.AbstractContextLoader - Could not detect default resource locations for test class [com.shutl.controller.QuoteControllerFunctionalTest]: no resource found for suffixes {-context.xml, Context.groovy}.
15:07:24.249 [Test worker] DEBUG o.s.t.c.support.ActiveProfilesUtils - Could not find an 'annotation declaring class' for annotation type [org.springframework.test.context.ActiveProfiles] and class [com.shutl.controller.QuoteControllerFunctionalTest]
15:07:24.300 [Test worker] DEBUG o.s.t.c.w.WebTestContextBootstrapper - @TestExecutionListeners is not present for class [com.shutl.controller.QuoteControllerFunctionalTest]: using defaults.
15:07:24.463 [Test worker] INFO  o.s.t.c.w.WebTestContextBootstrapper - Loaded default TestExecutionListener class names from location [META-INF/spring.factories]: [org.springframework.test.context.web.ServletTestExecutionListener, org.springframework.test.context.support.DirtiesContextBeforeModesTestExecutionListener, org.springframework.test.context.support.DependencyInjectionTestExecutionListener, org.springframework.test.context.support.DirtiesContextTestExecutionListener, org.springframework.test.context.transaction.TransactionalTestExecutionListener, org.springframework.test.context.jdbc.SqlScriptsTestExecutionListener]
15:07:25.722 [Test worker] INFO  o.s.t.c.w.WebTestContextBootstrapper - Could not instantiate TestExecutionListener [org.springframework.test.context.jdbc.SqlScriptsTestExecutionListener]. Specify custom listener classes or make the default listener classes (and their required dependencies) available. Offending class: [org/springframework/transaction/interceptor/TransactionAttribute]
15:07:25.724 [Test worker] INFO  o.s.t.c.w.WebTestContextBootstrapper - Could not instantiate TestExecutionListener [org.springframework.test.context.transaction.TransactionalTestExecutionListener]. Specify custom listener classes or make the default listener classes (and their required dependencies) available. Offending class: [org/springframework/transaction/interceptor/TransactionAttributeSource]
15:07:25.730 [Test worker] INFO  o.s.t.c.w.WebTestContextBootstrapper - Using TestExecutionListeners: [org.springframework.test.context.web.ServletTestExecutionListener@2bc96519, org.springframework.test.context.support.DirtiesContextBeforeModesTestExecutionListener@45523f7b, org.springframework.test.context.support.DependencyInjectionTestExecutionListener@6deb3b70, org.springframework.test.context.support.DirtiesContextTestExecutionListener@63c14123]
15:07:25.935 [Test worker] DEBUG o.s.t.annotation.ProfileValueUtils - Retrieved @ProfileValueSourceConfiguration [null] for test class [com.shutl.controller.QuoteControllerFunctionalTest]
15:07:25.937 [Test worker] DEBUG o.s.t.annotation.ProfileValueUtils - Retrieved ProfileValueSource type [class org.springframework.test.annotation.SystemProfileValueSource] for class [com.shutl.controller.QuoteControllerFunctionalTest]
15:07:26.067 [Test worker] DEBUG o.s.t.annotation.ProfileValueUtils - Retrieved @ProfileValueSourceConfiguration [null] for test class [com.shutl.controller.QuoteControllerFunctionalTest]
15:07:26.068 [Test worker] DEBUG o.s.t.annotation.ProfileValueUtils - Retrieved ProfileValueSource type [class org.springframework.test.annotation.SystemProfileValueSource] for class [com.shutl.controller.QuoteControllerFunctionalTest]
15:07:26.205 [Test worker] DEBUG o.s.t.annotation.ProfileValueUtils - Retrieved @ProfileValueSourceConfiguration [null] for test class [com.shutl.controller.QuoteControllerFunctionalTest]
15:07:26.205 [Test worker] DEBUG o.s.t.annotation.ProfileValueUtils - Retrieved ProfileValueSource type [class org.springframework.test.annotation.SystemProfileValueSource] for class [com.shutl.controller.QuoteControllerFunctionalTest]
15:07:26.282 [Test worker] DEBUG o.s.t.c.s.AbstractDirtiesContextTestExecutionListener - Before test class: context [DefaultTestContext@42d79dd4 testClass = QuoteControllerFunctionalTest, testInstance = [null], testMethod = [null], testException = [null], mergedContextConfiguration = [WebMergedContextConfiguration@46f3ad2b testClass = QuoteControllerFunctionalTest, locations = '{}', classes = '{class com.shutl.Application}', contextInitializerClasses = '[]', activeProfiles = '{}', propertySourceLocations = '{}', propertySourceProperties = '{}', resourceBasePath = 'src/main/webapp', contextLoader = 'org.springframework.boot.test.SpringApplicationContextLoader', parent = [null]]], class annotated with @DirtiesContext [false] with mode [null].
15:07:26.285 [Test worker] DEBUG o.s.t.annotation.ProfileValueUtils - Retrieved @ProfileValueSourceConfiguration [null] for test class [com.shutl.controller.QuoteControllerFunctionalTest]
15:07:26.285 [Test worker] DEBUG o.s.t.annotation.ProfileValueUtils - Retrieved ProfileValueSource type [class org.springframework.test.annotation.SystemProfileValueSource] for class [com.shutl.controller.QuoteControllerFunctionalTest]
15:07:28.931 [Test worker] DEBUG o.s.core.env.StandardEnvironment - Adding [systemProperties] PropertySource with lowest search precedence
15:07:28.952 [Test worker] DEBUG o.s.core.env.StandardEnvironment - Adding [systemEnvironment] PropertySource with lowest search precedence
15:07:28.952 [Test worker] DEBUG o.s.core.env.StandardEnvironment - Initialized StandardEnvironment with PropertySources [systemProperties,systemEnvironment]
15:07:28.970 [Test worker] DEBUG o.s.core.env.StandardEnvironment - Adding [integrationTest] PropertySource with search precedence immediately lower than [systemEnvironment]

  .   ____          _            __ _ _
 /\\ / ___'_ __ _ _(_)_ __  __ _ \ \ \ \
( ( )\___ | '_ | '_| | '_ \/ _` | \ \ \ \
 \\/  ___)| |_)| | | | | || (_| |  ) ) ) )
  '  |____| .__|_| |_|_| |_\__, | / / / /
 =========|_|==============|___/=/_/_/_/
 :: Spring Boot ::        (v1.3.3.RELEASE)

2021-01-28 15:07:32.901  INFO 17500 --- [    Test worker] c.s.c.QuoteControllerFunctionalTest      : Starting QuoteControllerFunctionalTest on maha with PID 17500 (C:\Users\maharaja\Downloads\take_home_exercise_intern-main\take_home_exercise_intern-main\build\classes\test started by maharaja in C:\Users\maharaja\Downloads\take_home_exercise_intern-main\take_home_exercise_intern-main)
2021-01-28 15:07:32.902  INFO 17500 --- [    Test worker] c.s.c.QuoteControllerFunctionalTest      : No active profile set, falling back to default profiles: default
2021-01-28 15:07:37.051  INFO 17500 --- [    Test worker] o.s.w.c.s.GenericWebApplicationContext   : Refreshing org.springframework.web.context.support.GenericWebApplicationContext@2ca5172e: startup date [Thu Jan 28 15:07:36 GMT 2021]; root of context hierarchy
2021-01-28 15:07:49.060  INFO 17500 --- [    Test worker] o.s.b.f.s.DefaultListableBeanFactory     : Overriding bean definition for bean 'beanNameViewResolver' with a different definition: replacing [Root bean: class [null]; scope=; abstract=false; lazyInit=false; autowireMode=3; dependencyCheck=0; autowireCandidate=true; primary=false; factoryBeanName=org.springframework.boot.autoconfigure.web.ErrorMvcAutoConfiguration$WhitelabelErrorViewConfiguration; factoryMethodName=beanNameViewResolver; initMethodName=null; destroyMethodName=(inferred); defined in class path resource [org/springframework/boot/autoconfigure/web/ErrorMvcAutoConfiguration$WhitelabelErrorViewConfiguration.class]] with [Root bean: class [null]; scope=; abstract=false; lazyInit=false; autowireMode=3; dependencyCheck=0; autowireCandidate=true; primary=false; factoryBeanName=org.springframework.boot.autoconfigure.web.WebMvcAutoConfiguration$WebMvcAutoConfigurationAdapter; factoryMethodName=beanNameViewResolver; initMethodName=null; destroyMethodName=(inferred); defined in class path resource [org/springframework/boot/autoconfigure/web/WebMvcAutoConfiguration$WebMvcAutoConfigurationAdapter.class]]
2021-01-28 15:07:55.555  INFO 17500 --- [    Test worker] s.w.s.m.m.a.RequestMappingHandlerAdapter : Looking for @ControllerAdvice: org.springframework.web.context.support.GenericWebApplicationContext@2ca5172e: startup date [Thu Jan 28 15:07:36 GMT 2021]; root of context hierarchy
2021-01-28 15:07:55.897  INFO 17500 --- [    Test worker] s.w.s.m.m.a.RequestMappingHandlerMapping : Mapped "{[/quote],methods=[POST]}" onto public com.shutl.model.Quote com.shutl.controller.QuoteController.quote(com.shutl.model.Quote)
2021-01-28 15:07:55.902  INFO 17500 --- [    Test worker] s.w.s.m.m.a.RequestMappingHandlerMapping : Mapped "{[/error]}" onto public org.springframework.http.ResponseEntity<java.util.Map<java.lang.String, java.lang.Object>> org.springframework.boot.autoconfigure.web.BasicErrorController.error(javax.servlet.http.HttpServletRequest)
2021-01-28 15:07:55.903  INFO 17500 --- [    Test worker] s.w.s.m.m.a.RequestMappingHandlerMapping : Mapped "{[/error],produces=[text/html]}" onto public org.springframework.web.servlet.ModelAndView org.springframework.boot.autoconfigure.web.BasicErrorController.errorHtml(javax.servlet.http.HttpServletRequest,javax.servlet.http.HttpServletResponse)
2021-01-28 15:07:55.987  INFO 17500 --- [    Test worker] o.s.w.s.handler.SimpleUrlHandlerMapping  : Mapped URL path [/webjars/**] onto handler of type [class org.springframework.web.servlet.resource.ResourceHttpRequestHandler]
2021-01-28 15:07:55.987  INFO 17500 --- [    Test worker] o.s.w.s.handler.SimpleUrlHandlerMapping  : Mapped URL path [/**] onto handler of type [class org.springframework.web.servlet.resource.ResourceHttpRequestHandler]
2021-01-28 15:07:56.102  INFO 17500 --- [    Test worker] o.s.w.s.handler.SimpleUrlHandlerMapping  : Mapped URL path [/**/favicon.ico] onto handler of type [class org.springframework.web.servlet.resource.ResourceHttpRequestHandler]
2021-01-28 15:07:56.719  INFO 17500 --- [    Test worker] c.s.c.QuoteControllerFunctionalTest      : Started QuoteControllerFunctionalTest in 27.454 seconds (JVM running for 41.907)
2021-01-28 15:07:57.011  INFO 17500 --- [    Test worker] o.s.b.test.SpringBootMockServletContext  : Initializing Spring FrameworkServlet ''
2021-01-28 15:07:57.012  INFO 17500 --- [    Test worker] o.s.t.web.servlet.TestDispatcherServlet  : FrameworkServlet '': initialization started
2021-01-28 15:07:57.054  INFO 17500 --- [    Test worker] o.s.t.web.servlet.TestDispatcherServlet  : FrameworkServlet '': initialization completed in 40 ms
]]></system-out>
  <system-err><![CDATA[]]></system-err>
</testsuite>
